build/app/intermediates/manifest_merge_blame_file/release/manifest-merger-blame-release-report.txt
1<?xml version="1.0" encoding="utf-8"?>
2<manifest xmlns:android="http://schemas.android.com/apk/res/android"
3    package="pl.edu.pwr.lab4.i268893.city_guide"
4    android:versionCode="1"
5    android:versionName="1.0.0" >
6
7    <uses-sdk
8        android:minSdkVersion="21"
8-->src\main\AndroidManifest.xml
9        android:targetSdkVersion="31" />
9-->src\main\AndroidManifest.xml
10
11    <queries>
11-->src\main\AndroidManifest.xml:3:2-7:12
12        <intent>
12-->src\main\AndroidManifest.xml:4:3-6:12
13            <action android:name="android.intent.action.TTS_SERVICE" />
13-->src\main\AndroidManifest.xml:5:4-63
13-->src\main\AndroidManifest.xml:5:12-60
14        </intent>
15        <intent>
15-->[:flutter_inappwebview] AndroidManifest.xml:8:9-10:18
16            <action android:name="android.support.customtabs.action.CustomTabsService" />
16-->[:flutter_inappwebview] AndroidManifest.xml:9:13-90
16-->[:flutter_inappwebview] AndroidManifest.xml:9:21-87
17        </intent> <!-- Needs to be explicitly declared on Android R+ -->
18        <package android:name="com.google.android.apps.maps" />
18-->[com.google.android.gms:play-services-maps:18.0.2] AndroidManifest.xml:33:9-64
18-->[com.google.android.gms:play-services-maps:18.0.2] AndroidManifest.xml:33:18-61
19    </queries>
20    <!-- Include required permissions for Google Maps API to run. -->
21    <uses-permission android:name="android.permission.ACCESS_NETWORK_STATE" />
21-->[com.google.android.gms:play-services-maps:18.0.2] AndroidManifest.xml:23:5-79
21-->[com.google.android.gms:play-services-maps:18.0.2] AndroidManifest.xml:23:22-76
22    <uses-permission android:name="android.permission.INTERNET" />
22-->[com.google.android.gms:play-services-maps:18.0.2] AndroidManifest.xml:24:5-67
22-->[com.google.android.gms:play-services-maps:18.0.2] AndroidManifest.xml:24:22-64
23
24    <uses-feature
24-->[com.google.android.gms:play-services-maps:18.0.2] AndroidManifest.xml:26:5-28:35
25        android:glEsVersion="0x00020000"
25-->[com.google.android.gms:play-services-maps:18.0.2] AndroidManifest.xml:27:9-41
26        android:required="true" />
26-->[com.google.android.gms:play-services-maps:18.0.2] AndroidManifest.xml:28:9-32
27
28    <application
29        android:name="android.app.Application"
29-->src\main\AndroidManifest.xml:10:9-42
30        android:appComponentFactory="androidx.core.app.CoreComponentFactory"
30-->[androidx.core:core:1.7.0] AndroidManifest.xml:24:18-86
31        android:icon="@mipmap/ic_launcher"
31-->src\main\AndroidManifest.xml:11:9-43
32        android:label="city_guide" >
32-->src\main\AndroidManifest.xml:9:9-35
33        <activity
33-->src\main\AndroidManifest.xml:12:9-32:20
34            android:name="pl.edu.pwr.lab4.i268893.city_guide.MainActivity"
34-->src\main\AndroidManifest.xml:13:13-41
35            android:configChanges="orientation|keyboardHidden|keyboard|screenSize|smallestScreenSize|locale|layoutDirection|fontScale|screenLayout|density|uiMode"
35-->src\main\AndroidManifest.xml:17:13-163
36            android:exported="true"
36-->src\main\AndroidManifest.xml:14:13-36
37            android:hardwareAccelerated="true"
37-->src\main\AndroidManifest.xml:18:13-47
38            android:launchMode="singleTop"
38-->src\main\AndroidManifest.xml:15:13-43
39            android:theme="@style/LaunchTheme"
39-->src\main\AndroidManifest.xml:16:13-47
40            android:windowSoftInputMode="adjustResize" >
40-->src\main\AndroidManifest.xml:19:13-55
41
42            <!--
43                 Specifies an Android theme to apply to this Activity as soon as
44                 the Android process has started. This theme is visible to the user
45                 while the Flutter UI initializes. After that, this theme continues
46                 to determine the Window background behind the Flutter UI.
47            -->
48            <meta-data
48-->src\main\AndroidManifest.xml:24:13-27:17
49                android:name="io.flutter.embedding.android.NormalTheme"
49-->src\main\AndroidManifest.xml:25:15-70
50                android:resource="@style/NormalTheme" />
50-->src\main\AndroidManifest.xml:26:15-52
51
52            <intent-filter>
52-->src\main\AndroidManifest.xml:28:13-31:29
53                <action android:name="android.intent.action.MAIN" />
53-->src\main\AndroidManifest.xml:29:17-68
53-->src\main\AndroidManifest.xml:29:25-66
54
55                <category android:name="android.intent.category.LAUNCHER" />
55-->src\main\AndroidManifest.xml:30:17-76
55-->src\main\AndroidManifest.xml:30:27-74
56            </intent-filter>
57        </activity>
58        <!--
59             Don't delete the meta-data below.
60             This is used by the Flutter tool to generate GeneratedPluginRegistrant.java
61        -->
62        <meta-data
62-->src\main\AndroidManifest.xml:35:9-37:33
63            android:name="flutterEmbedding"
63-->src\main\AndroidManifest.xml:36:13-44
64            android:value="2" />
64-->src\main\AndroidManifest.xml:37:13-30
65        <meta-data
65-->src\main\AndroidManifest.xml:38:3-39:73
66            android:name="com.google.android.geo.API_KEY"
66-->src\main\AndroidManifest.xml:38:14-59
67            android:value="AIzaSyCN0Kp1gB7jMozyQpsFgsH86T8OcFKFab4" />
67-->src\main\AndroidManifest.xml:39:16-71
68
69        <activity
69-->[:flutter_inappwebview] AndroidManifest.xml:14:9-18:47
70            android:name="com.pichillilorenzo.flutter_inappwebview.in_app_browser.InAppBrowserActivity"
70-->[:flutter_inappwebview] AndroidManifest.xml:15:13-104
71            android:configChanges="orientation|keyboardHidden|keyboard|screenSize|locale|layoutDirection|fontScale|screenLayout|density"
71-->[:flutter_inappwebview] AndroidManifest.xml:16:13-137
72            android:exported="true"
72-->[:flutter_inappwebview] AndroidManifest.xml:17:13-36
73            android:theme="@style/AppTheme" />
73-->[:flutter_inappwebview] AndroidManifest.xml:18:13-44
74        <activity
74-->[:flutter_inappwebview] AndroidManifest.xml:19:9-22:55
75            android:name="com.pichillilorenzo.flutter_inappwebview.chrome_custom_tabs.ChromeCustomTabsActivity"
75-->[:flutter_inappwebview] AndroidManifest.xml:20:13-112
76            android:exported="true"
76-->[:flutter_inappwebview] AndroidManifest.xml:21:13-36
77            android:theme="@style/ThemeTransparent" />
77-->[:flutter_inappwebview] AndroidManifest.xml:22:13-52
78        <activity
78-->[:flutter_inappwebview] AndroidManifest.xml:23:9-26:55
79            android:name="com.pichillilorenzo.flutter_inappwebview.chrome_custom_tabs.TrustedWebActivity"
79-->[:flutter_inappwebview] AndroidManifest.xml:24:13-106
80            android:exported="true"
80-->[:flutter_inappwebview] AndroidManifest.xml:25:13-36
81            android:theme="@style/ThemeTransparent" />
81-->[:flutter_inappwebview] AndroidManifest.xml:26:13-52
82        <activity
82-->[:flutter_inappwebview] AndroidManifest.xml:27:9-31:55
83            android:name="com.pichillilorenzo.flutter_inappwebview.chrome_custom_tabs.ChromeCustomTabsActivitySingleInstance"
83-->[:flutter_inappwebview] AndroidManifest.xml:28:13-126
84            android:exported="true"
84-->[:flutter_inappwebview] AndroidManifest.xml:29:13-36
85            android:launchMode="singleInstance"
85-->[:flutter_inappwebview] AndroidManifest.xml:30:13-48
86            android:theme="@style/ThemeTransparent" />
86-->[:flutter_inappwebview] AndroidManifest.xml:31:13-52
87        <activity
87-->[:flutter_inappwebview] AndroidManifest.xml:32:9-36:55
88            android:name="com.pichillilorenzo.flutter_inappwebview.chrome_custom_tabs.TrustedWebActivitySingleInstance"
88-->[:flutter_inappwebview] AndroidManifest.xml:33:13-120
89            android:exported="true"
89-->[:flutter_inappwebview] AndroidManifest.xml:34:13-36
90            android:launchMode="singleInstance"
90-->[:flutter_inappwebview] AndroidManifest.xml:35:13-48
91            android:theme="@style/ThemeTransparent" />
91-->[:flutter_inappwebview] AndroidManifest.xml:36:13-52
92
93        <receiver
93-->[:flutter_inappwebview] AndroidManifest.xml:38:9-41:40
94            android:name="com.pichillilorenzo.flutter_inappwebview.chrome_custom_tabs.ActionBroadcastReceiver"
94-->[:flutter_inappwebview] AndroidManifest.xml:39:13-111
95            android:enabled="true"
95-->[:flutter_inappwebview] AndroidManifest.xml:40:13-35
96            android:exported="false" />
96-->[:flutter_inappwebview] AndroidManifest.xml:41:13-37
97
98        <meta-data
98-->[:flutter_inappwebview] AndroidManifest.xml:43:9-45:36
99            android:name="io.flutter.embedded_views_preview"
99-->[:flutter_inappwebview] AndroidManifest.xml:44:13-61
100            android:value="true" />
100-->[:flutter_inappwebview] AndroidManifest.xml:45:13-33
101
102        <activity
102-->[:url_launcher_android] AndroidManifest.xml:8:9-11:74
103            android:name="io.flutter.plugins.urllauncher.WebViewActivity"
103-->[:url_launcher_android] AndroidManifest.xml:9:13-74
104            android:exported="false"
104-->[:url_launcher_android] AndroidManifest.xml:10:13-37
105            android:theme="@android:style/Theme.NoTitleBar.Fullscreen" />
105-->[:url_launcher_android] AndroidManifest.xml:11:13-71
106
107        <uses-library
107-->[androidx.window:window:1.0.0-beta04] AndroidManifest.xml:25:9-27:40
108            android:name="androidx.window.extensions"
108-->[androidx.window:window:1.0.0-beta04] AndroidManifest.xml:26:13-54
109            android:required="false" />
109-->[androidx.window:window:1.0.0-beta04] AndroidManifest.xml:27:13-37
110        <uses-library
110-->[androidx.window:window:1.0.0-beta04] AndroidManifest.xml:28:9-30:40
111            android:name="androidx.window.sidecar"
111-->[androidx.window:window:1.0.0-beta04] AndroidManifest.xml:29:13-51
112            android:required="false" /> <!-- Needs to be explicitly declared on P+ -->
112-->[androidx.window:window:1.0.0-beta04] AndroidManifest.xml:30:13-37
113        <uses-library
113-->[com.google.android.gms:play-services-maps:18.0.2] AndroidManifest.xml:39:9-41:40
114            android:name="org.apache.http.legacy"
114-->[com.google.android.gms:play-services-maps:18.0.2] AndroidManifest.xml:40:13-50
115            android:required="false" />
115-->[com.google.android.gms:play-services-maps:18.0.2] AndroidManifest.xml:41:13-37
116
117        <activity
117-->[com.google.android.gms:play-services-base:18.0.1] AndroidManifest.xml:20:9-22:45
118            android:name="com.google.android.gms.common.api.GoogleApiActivity"
118-->[com.google.android.gms:play-services-base:18.0.1] AndroidManifest.xml:20:19-85
119            android:exported="false"
119-->[com.google.android.gms:play-services-base:18.0.1] AndroidManifest.xml:22:19-43
120            android:theme="@android:style/Theme.Translucent.NoTitleBar" />
120-->[com.google.android.gms:play-services-base:18.0.1] AndroidManifest.xml:21:19-78
121
122        <meta-data
122-->[com.google.android.gms:play-services-basement:18.0.0] AndroidManifest.xml:21:9-23:69
123            android:name="com.google.android.gms.version"
123-->[com.google.android.gms:play-services-basement:18.0.0] AndroidManifest.xml:22:13-58
124            android:value="@integer/google_play_services_version" />
124-->[com.google.android.gms:play-services-basement:18.0.0] AndroidManifest.xml:23:13-66
125
126        <provider
126-->[androidx.emoji2:emoji2:1.0.0] AndroidManifest.xml:26:9-34:20
127            android:name="androidx.startup.InitializationProvider"
127-->[androidx.emoji2:emoji2:1.0.0] AndroidManifest.xml:27:13-67
128            android:authorities="pl.edu.pwr.lab4.i268893.city_guide.androidx-startup"
128-->[androidx.emoji2:emoji2:1.0.0] AndroidManifest.xml:28:13-68
129            android:exported="false" >
129-->[androidx.emoji2:emoji2:1.0.0] AndroidManifest.xml:29:13-37
130            <meta-data
130-->[androidx.emoji2:emoji2:1.0.0] AndroidManifest.xml:31:13-33:52
131                android:name="androidx.emoji2.text.EmojiCompatInitializer"
131-->[androidx.emoji2:emoji2:1.0.0] AndroidManifest.xml:32:17-75
132                android:value="androidx.startup" />
132-->[androidx.emoji2:emoji2:1.0.0] AndroidManifest.xml:33:17-49
133            <meta-data
133-->[androidx.lifecycle:lifecycle-process:2.4.0] AndroidManifest.xml:31:13-33:52
134                android:name="androidx.lifecycle.ProcessLifecycleInitializer"
134-->[androidx.lifecycle:lifecycle-process:2.4.0] AndroidManifest.xml:32:17-78
135                android:value="androidx.startup" />
135-->[androidx.lifecycle:lifecycle-process:2.4.0] AndroidManifest.xml:33:17-49
136        </provider>
137    </application>
138
139</manifest>